2023-03-04T02:50:08+00:00 CRITICAL require_once(): Failed opening required 'banner.php' (include_path='C:\xampp\php\PEAR') in C:\xampp\htdocs\umiha\wp-content\themes\umiha\category.php on line 219

2023-03-04T02:50:26+00:00 CRITICAL require_once(): Failed opening required 'banner.php' (include_path='C:\xampp\php\PEAR') in C:\xampp\htdocs\umiha\wp-content\themes\umiha\category.php on line 219

2023-03-04T14:20:38+00:00 CRITICAL require_once(): Failed opening required '../templates/contact.php' (include_path='C:\xampp\php\PEAR') in C:\xampp\htdocs\umiha\wp-content\themes\umiha\woocommerce\taxonomy-product-cat.php on line 216

2023-03-04T14:30:32+00:00 CRITICAL require_once(): Failed opening required '../templates/contact.php' (include_path='C:\xampp\php\PEAR') in C:\xampp\htdocs\umiha\wp-content\themes\umiha\woocommerce\taxonomy-product-cat.php on line 216

2023-03-04T15:05:37+00:00 CRITICAL require_once(): Failed opening required '../templates/contact.php' (include_path='C:\xampp\php\PEAR') in C:\xampp\htdocs\umiha\wp-content\themes\umiha\woocommerce\taxonomy-product-cat.php on line 216

2023-03-04T15:12:33+00:00 CRITICAL Uncaught ArgumentCountError: Too few arguments to function add_percentage_to_sale_badge(), 0 passed in C:\xampp\htdocs\umiha\wp-content\themes\umiha\templates\page-products.php on line 55 and exactly 1 expected in C:\xampp\htdocs\umiha\wp-content\themes\umiha\functions.php:221
Stack trace:
#0 C:\xampp\htdocs\umiha\wp-content\themes\umiha\templates\page-products.php(55): add_percentage_to_sale_badge()
#1 C:\xampp\htdocs\umiha\wp-includes\template-loader.php(106): include('C:\\xampp\\htdocs...')
#2 C:\xampp\htdocs\umiha\wp-blog-header.php(19): require_once('C:\\xampp\\htdocs...')
#3 C:\xampp\htdocs\umiha\index.php(17): require('C:\\xampp\\htdocs...')
#4 {main}
  thrown in C:\xampp\htdocs\umiha\wp-content\themes\umiha\functions.php on line 221

2023-03-04T15:13:19+00:00 CRITICAL Uncaught ArgumentCountError: Too few arguments to function add_percentage_to_sale_badge(), 0 passed in C:\xampp\htdocs\umiha\wp-content\themes\umiha\templates\page-products.php on line 55 and exactly 1 expected in C:\xampp\htdocs\umiha\wp-content\themes\umiha\functions.php:221
Stack trace:
#0 C:\xampp\htdocs\umiha\wp-content\themes\umiha\templates\page-products.php(55): add_percentage_to_sale_badge()
#1 C:\xampp\htdocs\umiha\wp-includes\template-loader.php(106): include('C:\\xampp\\htdocs...')
#2 C:\xampp\htdocs\umiha\wp-blog-header.php(19): require_once('C:\\xampp\\htdocs...')
#3 C:\xampp\htdocs\umiha\index.php(17): require('C:\\xampp\\htdocs...')
#4 {main}
  thrown in C:\xampp\htdocs\umiha\wp-content\themes\umiha\functions.php on line 221

2023-03-04T15:13:23+00:00 CRITICAL Uncaught ArgumentCountError: Too few arguments to function add_percentage_to_sale_badge(), 0 passed in C:\xampp\htdocs\umiha\wp-content\themes\umiha\templates\page-products.php on line 55 and exactly 1 expected in C:\xampp\htdocs\umiha\wp-content\themes\umiha\functions.php:221
Stack trace:
#0 C:\xampp\htdocs\umiha\wp-content\themes\umiha\templates\page-products.php(55): add_percentage_to_sale_badge()
#1 C:\xampp\htdocs\umiha\wp-includes\template-loader.php(106): include('C:\\xampp\\htdocs...')
#2 C:\xampp\htdocs\umiha\wp-blog-header.php(19): require_once('C:\\xampp\\htdocs...')
#3 C:\xampp\htdocs\umiha\index.php(17): require('C:\\xampp\\htdocs...')
#4 {main}
  thrown in C:\xampp\htdocs\umiha\wp-content\themes\umiha\functions.php on line 221

2023-03-04T15:28:41+00:00 CRITICAL require_once(): Failed opening required '../templates/contact.php' (include_path='C:\xampp\php\PEAR') in C:\xampp\htdocs\umiha\wp-content\themes\umiha\woocommerce\taxonomy-product-cat.php on line 216

2023-03-04T16:17:40+00:00 CRITICAL Uncaught Error: Call to a member function is_type() on null in C:\xampp\htdocs\umiha\wp-content\themes\umiha\header.php:228
Stack trace:
#0 C:\xampp\htdocs\umiha\wp-includes\template.php(783): require_once()
#1 C:\xampp\htdocs\umiha\wp-includes\template.php(718): load_template('C:\\xampp\\htdocs...', true, Array)
#2 C:\xampp\htdocs\umiha\wp-includes\general-template.php(48): locate_template(Array, true, true, Array)
#3 C:\xampp\htdocs\umiha\wp-content\themes\umiha\templates\page-payment.php(2): get_header()
#4 C:\xampp\htdocs\umiha\wp-includes\template-loader.php(106): include('C:\\xampp\\htdocs...')
#5 C:\xampp\htdocs\umiha\wp-blog-header.php(19): require_once('C:\\xampp\\htdocs...')
#6 C:\xampp\htdocs\umiha\index.php(17): require('C:\\xampp\\htdocs...')
#7 {main}
  thrown in C:\xampp\htdocs\umiha\wp-content\themes\umiha\header.php on line 228

2023-03-04T20:04:43+00:00 CRITICAL syntax error, unexpected ',' in C:\xampp\htdocs\umiha\wp-content\themes\umiha\templates\page-payment.php on line 89

2023-03-04T20:05:08+00:00 CRITICAL Uncaught Error: Cannot use object of type WC_Gateway_BACS as array in C:\xampp\htdocs\umiha\wp-content\themes\umiha\templates\page-payment.php:55
Stack trace:
#0 C:\xampp\htdocs\umiha\wp-includes\template-loader.php(106): include()
#1 C:\xampp\htdocs\umiha\wp-blog-header.php(19): require_once('C:\\xampp\\htdocs...')
#2 C:\xampp\htdocs\umiha\index.php(17): require('C:\\xampp\\htdocs...')
#3 {main}
  thrown in C:\xampp\htdocs\umiha\wp-content\themes\umiha\templates\page-payment.php on line 55

2023-03-04T20:06:41+00:00 CRITICAL Uncaught Error: Cannot use object of type WC_Gateway_BACS as array in C:\xampp\htdocs\umiha\wp-content\themes\umiha\templates\page-payment.php:55
Stack trace:
#0 C:\xampp\htdocs\umiha\wp-includes\template-loader.php(106): include()
#1 C:\xampp\htdocs\umiha\wp-blog-header.php(19): require_once('C:\\xampp\\htdocs...')
#2 C:\xampp\htdocs\umiha\index.php(17): require('C:\\xampp\\htdocs...')
#3 {main}
  thrown in C:\xampp\htdocs\umiha\wp-content\themes\umiha\templates\page-payment.php on line 55

2023-03-04T20:43:53+00:00 CRITICAL require_once(): Failed opening required '../templates/contact.php' (include_path='C:\xampp\php\PEAR') in C:\xampp\htdocs\umiha\wp-content\themes\umiha\woocommerce\taxonomy-product-cat.php on line 216

2023-03-04T20:44:18+00:00 CRITICAL require_once(): Failed opening required '../templates/contact.php' (include_path='C:\xampp\php\PEAR') in C:\xampp\htdocs\umiha\wp-content\themes\umiha\woocommerce\taxonomy-product-cat.php on line 216

2023-03-04T20:45:21+00:00 CRITICAL require_once(): Failed opening required '../templates/contact.php' (include_path='C:\xampp\php\PEAR') in C:\xampp\htdocs\umiha\wp-content\themes\umiha\woocommerce\taxonomy-product-cat.php on line 218

2023-03-04T20:46:23+00:00 CRITICAL require_once(): Failed opening required '../templates/contact.php' (include_path='C:\xampp\php\PEAR') in C:\xampp\htdocs\umiha\wp-content\themes\umiha\woocommerce\taxonomy-product-cat.php on line 91

2023-03-04T21:05:40+00:00 CRITICAL Uncaught Error: Object of class WP_Term could not be converted to string in C:\xampp\htdocs\umiha\wp-content\themes\umiha\woocommerce\taxonomy-product-cat.php:4
Stack trace:
#0 C:\xampp\htdocs\umiha\wp-includes\template-loader.php(106): include()
#1 C:\xampp\htdocs\umiha\wp-blog-header.php(19): require_once('C:\\xampp\\htdocs...')
#2 C:\xampp\htdocs\umiha\index.php(17): require('C:\\xampp\\htdocs...')
#3 {main}
  thrown in C:\xampp\htdocs\umiha\wp-content\themes\umiha\woocommerce\taxonomy-product-cat.php on line 4

